[0530/162212.864:INFO:CONSOLE(21172)] "THREE.WebGLRenderer 92", source: file:///C:/Program%20Files/AnyLogic%208.9%20Personal%20Learning%20Edition/plugins/com.anylogic.graphics3d_8.9.0.202404161236/static/build/three.js (21172)
[0530/162213.509:INFO:CONSOLE(3660)] "THREE.ColladaLoader: File version 1.4.0", source: file:///C:/Program%20Files/AnyLogic%208.9%20Personal%20Learning%20Edition/plugins/com.anylogic.graphics3d_8.9.0.202404161236/static/libs/ColladaLoader.js (3660)
[0530/162213.542:INFO:CONSOLE(255)] "Loaded: file:C:/Users/facu_/OneDrive/Escritorio/Facultad/4to Año 1er cuatri/Integrador-Modelo y simu - Ingenieria de Software 3/Proyecto-Intercatedra/3d/person.dae", source: file:///C:/Program%20Files/AnyLogic%208.9%20Personal%20Learning%20Edition/plugins/com.anylogic.graphics3d_8.9.0.202404161236/static/init.js (255)
[0530/162213.543:INFO:CONSOLE(271)] "load end: file:C:/Users/facu_/OneDrive/Escritorio/Facultad/4to Año 1er cuatri/Integrador-Modelo y simu - Ingenieria de Software 3/Proyecto-Intercatedra/3d/person.dae", source: file:///C:/Program%20Files/AnyLogic%208.9%20Personal%20Learning%20Edition/plugins/com.anylogic.graphics3d_8.9.0.202404161236/static/init.js (271)
[0530/162322.419:WARNING:dns_config_service_win.cc(583)] Failed to read DnsConfig.
[0530/162322.428:WARNING:dns_config_service_win.cc(583)] Failed to read DnsConfig.
[0530/162327.431:WARNING:dns_config_service_win.cc(583)] Failed to read DnsConfig.
[0530/162327.443:WARNING:dns_config_service_win.cc(583)] Failed to read DnsConfig.
[0530/162335.451:WARNING:dns_config_service_win.cc(583)] Failed to read DnsConfig.
[0530/162335.461:WARNING:dns_config_service_win.cc(583)] Failed to read DnsConfig.
[0530/162340.463:WARNING:dns_config_service_win.cc(583)] Failed to read DnsConfig.
[0530/162340.476:WARNING:dns_config_service_win.cc(583)] Failed to read DnsConfig.
[0530/162343.458:WARNING:dns_config_service_win.cc(583)] Failed to read DnsConfig.
[0530/162343.459:WARNING:dns_config_service_win.cc(583)] Failed to read DnsConfig.
[0530/162343.505:WARNING:dns_config_service_win.cc(583)] Failed to read DnsConfig.
[0530/162343.511:WARNING:dns_config_service_win.cc(583)] Failed to read DnsConfig.
[0530/162411.435:ERROR:gpu_init.cc(523)] Passthrough is not supported, GL is disabled, ANGLE is 
[0530/163626.836:INFO:CONSOLE(3660)] "THREE.ColladaLoader: File version 1.4.0", source: file:///C:/Program%20Files/AnyLogic%208.9%20Personal%20Learning%20Edition/plugins/com.anylogic.graphics3d_8.9.0.202404161236/static/libs/ColladaLoader.js (3660)
[0530/163626.843:INFO:CONSOLE(255)] "Loaded: file:C:/Users/facu_/OneDrive/Escritorio/Facultad/4to Año 1er cuatri/Integrador-Modelo y simu - Ingenieria de Software 3/Proyecto-Intercatedra/3d/atm.dae", source: file:///C:/Program%20Files/AnyLogic%208.9%20Personal%20Learning%20Edition/plugins/com.anylogic.graphics3d_8.9.0.202404161236/static/init.js (255)
[0530/163626.843:INFO:CONSOLE(271)] "load end: file:C:/Users/facu_/OneDrive/Escritorio/Facultad/4to Año 1er cuatri/Integrador-Modelo y simu - Ingenieria de Software 3/Proyecto-Intercatedra/3d/atm.dae", source: file:///C:/Program%20Files/AnyLogic%208.9%20Personal%20Learning%20Edition/plugins/com.anylogic.graphics3d_8.9.0.202404161236/static/init.js (271)
[0530/164026.994:WARNING:dns_config_service_win.cc(583)] Failed to read DnsConfig.
[0530/164027.012:WARNING:dns_config_service_win.cc(583)] Failed to read DnsConfig.
[0530/164032.012:WARNING:dns_config_service_win.cc(583)] Failed to read DnsConfig.
[0530/164032.027:WARNING:dns_config_service_win.cc(583)] Failed to read DnsConfig.
[0530/164037.526:WARNING:dns_config_service_win.cc(583)] Failed to read DnsConfig.
[0530/164037.528:WARNING:dns_config_service_win.cc(583)] Failed to read DnsConfig.
[0530/164042.561:WARNING:dns_config_service_win.cc(583)] Failed to read DnsConfig.
[0530/164042.562:WARNING:dns_config_service_win.cc(583)] Failed to read DnsConfig.
[0530/164043.317:WARNING:dns_config_service_win.cc(583)] Failed to read DnsConfig.
[0530/164043.320:WARNING:dns_config_service_win.cc(583)] Failed to read DnsConfig.
[0530/173953.448:INFO:CONSOLE(21172)] "THREE.WebGLRenderer 92", source: file:///C:/Program%20Files/AnyLogic%208.9%20Personal%20Learning%20Edition/plugins/com.anylogic.graphics3d_8.9.0.202404161236/static/build/three.js (21172)
[0530/173954.123:INFO:CONSOLE(3660)] "THREE.ColladaLoader: File version 1.4.0", source: file:///C:/Program%20Files/AnyLogic%208.9%20Personal%20Learning%20Edition/plugins/com.anylogic.graphics3d_8.9.0.202404161236/static/libs/ColladaLoader.js (3660)
[0530/173954.154:INFO:CONSOLE(255)] "Loaded: file:C:/Users/facu_/OneDrive/Escritorio/Facultad/4to Año 1er cuatri/Integrador-Modelo y simu - Ingenieria de Software 3/Proyecto-Intercatedra/3d/atm.dae", source: file:///C:/Program%20Files/AnyLogic%208.9%20Personal%20Learning%20Edition/plugins/com.anylogic.graphics3d_8.9.0.202404161236/static/init.js (255)
[0530/173954.154:INFO:CONSOLE(271)] "load end: file:C:/Users/facu_/OneDrive/Escritorio/Facultad/4to Año 1er cuatri/Integrador-Modelo y simu - Ingenieria de Software 3/Proyecto-Intercatedra/3d/atm.dae", source: file:///C:/Program%20Files/AnyLogic%208.9%20Personal%20Learning%20Edition/plugins/com.anylogic.graphics3d_8.9.0.202404161236/static/init.js (271)
